Stylit/gradleBuild/outputs/logs/manifest-merger-debug-report.txt
-- Merging decision tree log ---
manifest
ADDED from Desktop\Stylit\AndroidManifest.xml:16:1-60:12
MERGED from [org.tensorflow:tensorflow-android:1.8.0-rc1] AndroidManifest.xml:2:1-8:12
MERGED from [com.android.support:appcompat-v7:23.4.0] AndroidManifest.xml:17:1-27:12
MERGED from [:openCVLibrary341] AndroidManifest.xml:2:1-11:12
MERGED from [com.android.support:animated-vector-drawable:23.4.0] AndroidManifest.xml:2:1-9:12
MERGED from [com.android.support:support-vector-drawable:23.4.0] AndroidManifest.xml:2:1-9:12
MERGED from [com.android.support:support-v4:23.4.0] AndroidManifest.xml:17:1-24:12
	package
		ADDED from Desktop\Stylit\AndroidManifest.xml:17:5-34
	xmlns:android
		ADDED from Desktop\Stylit\AndroidManifest.xml:16:11-69
uses-sdk
ADDED from Desktop\Stylit\AndroidManifest.xml:19:5-21:41
MERGED from [com.android.support:appcompat-v7:23.4.0] AndroidManifest.xml:21:5-23:78
MERGED from [com.android.support:appcompat-v7:23.4.0] AndroidManifest.xml:21:5-23:78
MERGED from [:openCVLibrary341] AndroidManifest.xml:7:5-9:41
MERGED from [:openCVLibrary341] AndroidManifest.xml:7:5-9:41
MERGED from [com.android.support:animated-vector-drawable:23.4.0] AndroidManifest.xml:5:5-44
MERGED from [com.android.support:animated-vector-drawable:23.4.0] AndroidManifest.xml:5:5-44
MERGED from [com.android.support:support-vector-drawable:23.4.0] AndroidManifest.xml:5:5-43
MERGED from [com.android.support:support-vector-drawable:23.4.0] AndroidManifest.xml:5:5-43
MERGED from [com.android.support:support-v4:23.4.0] AndroidManifest.xml:20:5-43
MERGED from [com.android.support:support-v4:23.4.0] AndroidManifest.xml:20:5-43
	tools:overrideLibrary
		ADDED from [com.android.support:appcompat-v7:23.4.0] AndroidManifest.xml:23:9-75
	android:targetSdkVersion
		ADDED from Desktop\Stylit\AndroidManifest.xml:21:9-38
	android:minSdkVersion
		ADDED from Desktop\Stylit\AndroidManifest.xml:20:9-35
uses-permission#android.permission.CAMERA
ADDED from Desktop\Stylit\AndroidManifest.xml:23:5-65
	android:name
		ADDED from Desktop\Stylit\AndroidManifest.xml:23:22-62
uses-feature#android.hardware.camera
ADDED from Desktop\Stylit\AndroidManifest.xml:25:5-60
	android:name
		ADDED from Desktop\Stylit\AndroidManifest.xml:25:19-57
uses-feature#android.hardware.camera.autofocus
ADDED from Desktop\Stylit\AndroidManifest.xml:26:5-70
	android:name
		ADDED from Desktop\Stylit\AndroidManifest.xml:26:19-67
uses-permission#android.permission.WRITE_EXTERNAL_STORAGE
ADDED from Desktop\Stylit\AndroidManifest.xml:28:5-81
	android:name
		ADDED from Desktop\Stylit\AndroidManifest.xml:28:22-78
uses-permission#android.permission.RECORD_AUDIO
ADDED from Desktop\Stylit\AndroidManifest.xml:29:5-71
	android:name
		ADDED from Desktop\Stylit\AndroidManifest.xml:29:22-68
uses-permission#android.permission.READ_PHONE_STATE
ADDED from Desktop\Stylit\AndroidManifest.xml:30:5-75
	android:name
		ADDED from Desktop\Stylit\AndroidManifest.xml:30:22-72
uses-permission#android.permission.READ_EXTERNAL_STORAGE
ADDED from Desktop\Stylit\AndroidManifest.xml:31:5-80
	android:name
		ADDED from Desktop\Stylit\AndroidManifest.xml:31:22-77
application
ADDED from Desktop\Stylit\AndroidManifest.xml:33:5-58:19
MERGED from [org.tensorflow:tensorflow-android:1.8.0-rc1] AndroidManifest.xml:5:5-6:19
MERGED from [org.tensorflow:tensorflow-android:1.8.0-rc1] AndroidManifest.xml:5:5-6:19
MERGED from [com.android.support:appcompat-v7:23.4.0] AndroidManifest.xml:25:5-20
MERGED from [com.android.support:appcompat-v7:23.4.0] AndroidManifest.xml:25:5-20
MERGED from [com.android.support:animated-vector-drawable:23.4.0] AndroidManifest.xml:7:5-20
MERGED from [com.android.support:animated-vector-drawable:23.4.0] AndroidManifest.xml:7:5-20
MERGED from [com.android.support:support-vector-drawable:23.4.0] AndroidManifest.xml:7:5-20
MERGED from [com.android.support:support-vector-drawable:23.4.0] AndroidManifest.xml:7:5-20
MERGED from [com.android.support:support-v4:23.4.0] AndroidManifest.xml:22:5-20
MERGED from [com.android.support:support-v4:23.4.0] AndroidManifest.xml:22:5-20
	android:label
		ADDED from Desktop\Stylit\AndroidManifest.xml:37:9-31
	android:debuggable
		ADDED from Desktop\Stylit\AndroidManifest.xml:35:9-34
	android:icon
		ADDED from Desktop\Stylit\AndroidManifest.xml:36:9-45
	android:allowBackup
		ADDED from Desktop\Stylit\AndroidManifest.xml:34:9-35
	android:theme
		ADDED from Desktop\Stylit\AndroidManifest.xml:38:9-65
activity#org.tensorflow.demo.com.mobileapps.bao.stylit.MainApp
ADDED from Desktop\Stylit\AndroidManifest.xml:39:9-48:20
	android:screenOrientation
		ADDED from Desktop\Stylit\AndroidManifest.xml:42:13-49
	android:label
		ADDED from Desktop\Stylit\AndroidManifest.xml:41:13-35
	android:name
		ADDED from Desktop\Stylit\AndroidManifest.xml:40:13-62
intent-filter#android.intent.action.MAIN+android.intent.category.LAUNCHER+android.intent.category.LEANBACK_LAUNCHER
ADDED from Desktop\Stylit\AndroidManifest.xml:43:13-47:29
action#android.intent.action.MAIN
ADDED from Desktop\Stylit\AndroidManifest.xml:44:17-69
	android:name
		ADDED from Desktop\Stylit\AndroidManifest.xml:44:25-66
category#android.intent.category.LAUNCHER
ADDED from Desktop\Stylit\AndroidManifest.xml:45:17-77
	android:name
		ADDED from Desktop\Stylit\AndroidManifest.xml:45:27-74
category#android.intent.category.LEANBACK_LAUNCHER
ADDED from Desktop\Stylit\AndroidManifest.xml:46:17-86
	android:name
		ADDED from Desktop\Stylit\AndroidManifest.xml:46:27-83
activity#org.tensorflow.demo.com.mobileapps.bao.stylit.EditingModule
ADDED from Desktop\Stylit\AndroidManifest.xml:49:9-57:20
	android:parentActivityName
		ADDED from Desktop\Stylit\AndroidManifest.xml:51:13-95
	android:label
		ADDED from Desktop\Stylit\AndroidManifest.xml:50:13-35
	android:name
		ADDED from Desktop\Stylit\AndroidManifest.xml:49:19-74
meta-data#android.support.PARENT_ACTIVITY
ADDED from Desktop\Stylit\AndroidManifest.xml:54:13-56:89
	android:value
		ADDED from Desktop\Stylit\AndroidManifest.xml:56:17-86
	android:name
		ADDED from Desktop\Stylit\AndroidManifest.xml:55:17-63